# JRE version: OpenJDK Runtime Environment (19.0.1+10) (build 19.0.1+10-21)
# Java VM: OpenJDK 64-Bit Server VM (19.0.1+10-21, mixed mode, sharing, tiered, compressed oops, compressed class ptrs, g1 gc, windows-amd64)
GC Precious Log:
 CardTable entry size: 512
 Card Set container configuration: InlinePtr #cards 5 size 8 Array Of Cards #cards 12 size 40 Howl #buckets 4 coarsen threshold 1843 Howl Bitmap #cards 512 size 80 coarsen threshold 460 Card regions per heap region 1 cards per card region 2048
 CPUs: 16 total, 16 available
 Memory: 8123M
 Large Page Support: Disabled
 NUMA Support: Disabled
 Compressed Oops: Enabled (32-bit)
 Heap Region Size: 1M
 Heap Min Capacity: 8M
 Heap Initial Capacity: 128M
 Heap Max Capacity: 2032M
 Pre-touch: Disabled
 Parallel Workers: 13
 Concurrent Workers: 3
 Concurrent Refinement Workers: 13
 Periodic GC: Disabled
Heap:
 garbage-first heap   total 129024K, used 48301K [0x0000000081000000, 0x0000000100000000)
  region size 1024K, 11 young (11264K), 6 survivors (6144K)
 Metaspace       used 34172K, committed 34752K, reserved 1114112K
  class space    used 3634K, committed 3904K, reserved 1048576K
GC Heap History (20 events):
Event: 2.633 GC heap before
{Heap before GC invocations=4 (full 0):
 garbage-first heap   total 131072K, used 29743K [0x0000000081000000, 0x0000000100000000)
  region size 1024K, 17 young (17408K), 5 survivors (5120K)
 Metaspace       used 21207K, committed 21504K, reserved 1114112K
  class space    used 2266K, committed 2432K, reserved 1048576K
}
Event: 2.637 GC heap after
{Heap after GC invocations=5 (full 0):
 garbage-first heap   total 157696K, used 17885K [0x0000000081000000, 0x0000000100000000)
  region size 1024K, 5 young (5120K), 5 survivors (5120K)
 Metaspace       used 21207K, committed 21504K, reserved 1114112K
  class space    used 2266K, committed 2432K, reserved 1048576K
}
Event: 3.157 GC heap before
{Heap before GC invocations=6 (full 0):
 garbage-first heap   total 65536K, used 52701K [0x0000000081000000, 0x0000000100000000)
  region size 1024K, 38 young (38912K), 5 survivors (5120K)
 Metaspace       used 24692K, committed 25088K, reserved 1114112K
  class space    used 2608K, committed 2816K, reserved 1048576K
}
Event: 3.173 GC heap after
{Heap after GC invocations=7 (full 0):
 garbage-first heap   total 70656K, used 31210K [0x0000000081000000, 0x0000000100000000)
  region size 1024K, 5 young (5120K), 5 survivors (5120K)
 Metaspace       used 24692K, committed 25088K, reserved 1114112K
  class space    used 2608K, committed 2816K, reserved 1048576K
}
Event: 3.184 GC heap before
{Heap before GC invocations=7 (full 0):
 garbage-first heap   total 70656K, used 32234K [0x0000000081000000, 0x0000000100000000)
  region size 1024K, 6 young (6144K), 5 survivors (5120K)
 Metaspace       used 24693K, committed 25088K, reserved 1114112K
  class space    used 2608K, committed 2816K, reserved 1048576K
}
Event: 3.187 GC heap after
{Heap after GC invocations=8 (full 0):
 garbage-first heap   total 70656K, used 32578K [0x0000000081000000, 0x0000000100000000)
  region size 1024K, 1 young (1024K), 1 survivors (1024K)
 Metaspace       used 24693K, committed 25088K, reserved 1114112K
  class space    used 2608K, committed 2816K, reserved 1048576K
}
Event: 3.365 GC heap before
{Heap before GC invocations=8 (full 0):
 garbage-first heap   total 70656K, used 53058K [0x0000000081000000, 0x0000000100000000)
  region size 1024K, 21 young (21504K), 1 survivors (1024K)
 Metaspace       used 25390K, committed 25728K, reserved 1114112K
  class space    used 2667K, committed 2816K, reserved 1048576K
}
Event: 3.370 GC heap after
{Heap after GC invocations=9 (full 0):
 garbage-first heap   total 70656K, used 35840K [0x0000000081000000, 0x0000000100000000)
  region size 1024K, 3 young (3072K), 3 survivors (3072K)
 Metaspace       used 25390K, committed 25728K, reserved 1114112K
  class space    used 2667K, committed 2816K, reserved 1048576K
}
Event: 3.389 GC heap before
{Heap before GC invocations=9 (full 0):
 garbage-first heap   total 70656K, used 38912K [0x0000000081000000, 0x0000000100000000)
  region size 1024K, 7 young (7168K), 3 survivors (3072K)
 Metaspace       used 25454K, committed 25856K, reserved 1114112K
  class space    used 2671K, committed 2880K, reserved 1048576K
}
Event: 3.393 GC heap after
{Heap after GC invocations=10 (full 0):
 garbage-first heap   total 70656K, used 36783K [0x0000000081000000, 0x0000000100000000)
  region size 1024K, 1 young (1024K), 1 survivors (1024K)
 Metaspace       used 25454K, committed 25856K, reserved 1114112K
  class space    used 2671K, committed 2880K, reserved 1048576K
}
Event: 3.704 GC heap before
{Heap before GC invocations=11 (full 0):
 garbage-first heap   total 70656K, used 54191K [0x0000000081000000, 0x0000000100000000)
  region size 1024K, 18 young (18432K), 1 survivors (1024K)
 Metaspace       used 26729K, committed 27136K, reserved 1114112K
  class space    used 2810K, committed 3008K, reserved 1048576K
}
Event: 3.708 GC heap after
{Heap after GC invocations=12 (full 0):
 garbage-first heap   total 70656K, used 38526K [0x0000000081000000, 0x0000000100000000)
  region size 1024K, 2 young (2048K), 2 survivors (2048K)
 Metaspace       used 26729K, committed 27136K, reserved 1114112K
  class space    used 2810K, committed 3008K, reserved 1048576K
}
Event: 3.720 GC heap before
{Heap before GC invocations=12 (full 0):
 garbage-first heap   total 70656K, used 38526K [0x0000000081000000, 0x0000000100000000)
  region size 1024K, 3 young (3072K), 2 survivors (2048K)
 Metaspace       used 26817K, committed 27200K, reserved 1114112K
  class space    used 2816K, committed 3008K, reserved 1048576K
}
Event: 3.723 GC heap after
{Heap after GC invocations=13 (full 0):
 garbage-first heap   total 129024K, used 38120K [0x0000000081000000, 0x0000000100000000)
  region size 1024K, 1 young (1024K), 1 survivors (1024K)
 Metaspace       used 26817K, committed 27200K, reserved 1114112K
  class space    used 2816K, committed 3008K, reserved 1048576K
}
Event: 4.474 GC heap before
{Heap before GC invocations=13 (full 0):
 garbage-first heap   total 129024K, used 88296K [0x0000000081000000, 0x0000000100000000)
  region size 1024K, 51 young (52224K), 1 survivors (1024K)
 Metaspace       used 29684K, committed 30208K, reserved 1114112K
  class space    used 3111K, committed 3392K, reserved 1048576K
}
Event: 4.480 GC heap after
{Heap after GC invocations=14 (full 0):
 garbage-first heap   total 129024K, used 39883K [0x0000000081000000, 0x0000000100000000)
  region size 1024K, 2 young (2048K), 2 survivors (2048K)
 Metaspace       used 29684K, committed 30208K, reserved 1114112K
  class space    used 3111K, committed 3392K, reserved 1048576K
}
Event: 5.009 GC heap before
{Heap before GC invocations=14 (full 0):
 garbage-first heap   total 129024K, used 93131K [0x0000000081000000, 0x0000000100000000)
  region size 1024K, 54 young (55296K), 2 survivors (2048K)
 Metaspace       used 32020K, committed 32576K, reserved 1114112K
  class space    used 3386K, committed 3648K, reserved 1048576K
}
Event: 5.016 GC heap after
{Heap after GC invocations=15 (full 0):
 garbage-first heap   total 129024K, used 41937K [0x0000000081000000, 0x0000000100000000)
  region size 1024K, 5 young (5120K), 5 survivors (5120K)
 Metaspace       used 32020K, committed 32576K, reserved 1114112K
  class space    used 3386K, committed 3648K, reserved 1048576K
}
Event: 5.564 GC heap before
{Heap before GC invocations=15 (full 0):
 garbage-first heap   total 129024K, used 117713K [0x0000000081000000, 0x0000000100000000)
  region size 1024K, 58 young (59392K), 5 survivors (5120K)
 Metaspace       used 33932K, committed 34560K, reserved 1114112K
  class space    used 3610K, committed 3904K, reserved 1048576K
}
Event: 5.570 GC heap after
{Heap after GC invocations=16 (full 0):
 garbage-first heap   total 129024K, used 44205K [0x0000000081000000, 0x0000000100000000)
  region size 1024K, 6 young (6144K), 6 survivors (6144K)
 Metaspace       used 33932K, committed 34560K, reserved 1114112K
  class space    used 3610K, committed 3904K, reserved 1048576K
}

